[ WARN ] Keyword 'Capture Page Screenshot' could not be run on failure: Message: no such window: target window already closed
from unknown error: web view not found
  (Session info: chrome=120.0.6099.200)
Stacktrace:
	GetHandleVerifier [0x00007FF6DF5E2142+3514994]
	(No symbol) [0x00007FF6DF200CE2]
	(No symbol) [0x00007FF6DF0A76AA]
	(No symbol) [0x00007FF6DF080AFD]
	(No symbol) [0x00007FF6DF11CB1B]
	(No symbol) [0x00007FF6DF13218F]
	(No symbol) [0x00007FF6DF115D93]
	(No symbol) [0x00007FF6DF0E4BDC]
	(No symbol) [0x00007FF6DF0E5C64]
	GetHandleVerifier [0x00007FF6DF60E16B+3695259]
	GetHandleVerifier [0x00007FF6DF666737+4057191]
	GetHandleVerifier [0x00007FF6DF65E4E3+4023827]
	GetHandleVerifier [0x00007FF6DF3304F9+689705]
	(No symbol) [0x00007FF6DF20C048]
	(No symbol) [0x00007FF6DF208044]
	(No symbol) [0x00007FF6DF2081C9]
	(No symbol) [0x00007FF6DF1F88C4]
	BaseThreadInitThunk [0x00007FFBC4F1257D+29]
	RtlUserThreadStart [0x00007FFBC5BEAA58+40]

